2025-05-18 23:47:26,231 - 🚀 Drone server listening on port 5000
2025-05-18 23:47:29,972 - 📶 New connection from ('127.0.0.1', 52037)
2025-05-18 23:47:29,972 - 📥 Received data from noise_level_1: {'sensor_id': 'noise_level_1', 'decibel': 89.62, 'timestamp': '2025-05-18T23:47:29.972435'}
2025-05-18 23:47:32,978 - 📥 Received data from noise_level_1: {'sensor_id': 'noise_level_1', 'decibel': 49.79, 'timestamp': '2025-05-18T23:47:32.977655'}
2025-05-18 23:47:35,980 - 📥 Received data from noise_level_1: {'sensor_id': 'noise_level_1', 'decibel': 34.93, 'timestamp': '2025-05-18T23:47:35.979799'}
2025-05-18 23:47:38,983 - 📥 Received data from noise_level_1: {'sensor_id': 'noise_level_1', 'decibel': 86.39, 'timestamp': '2025-05-18T23:47:38.983523'}
2025-05-18 23:47:41,989 - 📥 Received data from noise_level_1: {'sensor_id': 'noise_level_1', 'decibel': 60.13, 'timestamp': '2025-05-18T23:47:41.988897'}
2025-05-18 23:47:44,995 - 📥 Received data from noise_level_1: {'sensor_id': 'noise_level_1', 'decibel': 67.4, 'timestamp': '2025-05-18T23:47:44.994756'}
2025-05-18 23:47:48,000 - 📥 Received data from noise_level_1: {'sensor_id': 'noise_level_1', 'decibel': 77.1, 'timestamp': '2025-05-18T23:47:47.999707'}
2025-05-18 23:47:51,004 - 📥 Received data from noise_level_1: {'sensor_id': 'noise_level_1', 'decibel': 30.93, 'timestamp': '2025-05-18T23:47:51.003842'}
2025-05-18 23:47:54,009 - 📥 Received data from noise_level_1: {'sensor_id': 'noise_level_1', 'decibel': 96.47, 'timestamp': '2025-05-18T23:47:54.008120'}
2025-05-18 23:47:57,010 - 📥 Received data from noise_level_1: {'sensor_id': 'noise_level_1', 'decibel': 69.23, 'timestamp': '2025-05-18T23:47:57.010206'}
2025-05-18 23:47:57,011 - ✅ Aggregated data (noise_level): {'sensor_id': 'noise_level_1', 'decibel': 66.2, 'timestamp': '2025-05-18T23:47:57.011262', 'data_points': 10}
2025-05-18 23:47:57,012 - 📤 Sent aggregated data to central server
2025-05-18 23:48:00,013 - 📥 Received data from noise_level_1: {'sensor_id': 'noise_level_1', 'decibel': 78.68, 'timestamp': '2025-05-18T23:48:00.013013'}
2025-05-18 23:48:03,015 - 📥 Received data from noise_level_1: {'sensor_id': 'noise_level_1', 'decibel': 74.92, 'timestamp': '2025-05-18T23:48:03.014039'}
2025-05-18 23:48:06,020 - 📥 Received data from noise_level_1: {'sensor_id': 'noise_level_1', 'decibel': 75.46, 'timestamp': '2025-05-18T23:48:06.020253'}
2025-05-18 23:48:09,022 - 📥 Received data from noise_level_1: {'sensor_id': 'noise_level_1', 'decibel': 37.83, 'timestamp': '2025-05-18T23:48:09.021569'}
2025-05-18 23:48:12,028 - 📥 Received data from noise_level_1: {'sensor_id': 'noise_level_1', 'decibel': 59.13, 'timestamp': '2025-05-18T23:48:12.027358'}
2025-05-18 23:48:15,030 - 📥 Received data from noise_level_1: {'sensor_id': 'noise_level_1', 'decibel': 77.42, 'timestamp': '2025-05-18T23:48:15.029718'}
2025-05-18 23:48:18,033 - 📥 Received data from noise_level_1: {'sensor_id': 'noise_level_1', 'decibel': 37.35, 'timestamp': '2025-05-18T23:48:18.032222'}
2025-05-18 23:48:21,035 - 📥 Received data from noise_level_1: {'sensor_id': 'noise_level_1', 'decibel': 61.84, 'timestamp': '2025-05-18T23:48:21.035029'}
2025-05-18 23:48:24,040 - 📥 Received data from noise_level_1: {'sensor_id': 'noise_level_1', 'decibel': 91.16, 'timestamp': '2025-05-18T23:48:24.040207'}
2025-05-18 23:48:27,043 - 📥 Received data from noise_level_1: {'sensor_id': 'noise_level_1', 'decibel': 79.61, 'timestamp': '2025-05-18T23:48:27.042391'}
2025-05-18 23:48:27,043 - ✅ Aggregated data (noise_level): {'sensor_id': 'noise_level_1', 'decibel': 67.34, 'timestamp': '2025-05-18T23:48:27.043473', 'data_points': 10}
2025-05-18 23:48:27,044 - 📤 Sent aggregated data to central server
2025-05-18 23:48:30,045 - 📥 Received data from noise_level_1: {'sensor_id': 'noise_level_1', 'decibel': 80.85, 'timestamp': '2025-05-18T23:48:30.045314'}
2025-05-18 23:48:33,051 - 📥 Received data from noise_level_1: {'sensor_id': 'noise_level_1', 'decibel': 38.46, 'timestamp': '2025-05-18T23:48:33.051000'}
2025-05-18 23:48:36,054 - 📥 Received data from noise_level_1: {'sensor_id': 'noise_level_1', 'decibel': 34.78, 'timestamp': '2025-05-18T23:48:36.053025'}
2025-05-18 23:48:39,058 - 📥 Received data from noise_level_1: {'sensor_id': 'noise_level_1', 'decibel': 67.94, 'timestamp': '2025-05-18T23:48:39.058088'}
2025-05-18 23:48:42,064 - 📥 Received data from noise_level_1: {'sensor_id': 'noise_level_1', 'decibel': 98.9, 'timestamp': '2025-05-18T23:48:42.063644'}
2025-05-18 23:48:45,067 - 📥 Received data from noise_level_1: {'sensor_id': 'noise_level_1', 'decibel': 60.08, 'timestamp': '2025-05-18T23:48:45.066266'}
2025-05-18 23:48:48,069 - 📥 Received data from noise_level_1: {'sensor_id': 'noise_level_1', 'decibel': 95.36, 'timestamp': '2025-05-18T23:48:48.068391'}
2025-05-18 23:48:51,070 - 📥 Received data from noise_level_1: {'sensor_id': 'noise_level_1', 'decibel': 49.7, 'timestamp': '2025-05-18T23:48:51.070325'}
2025-05-18 23:48:54,076 - 📥 Received data from noise_level_1: {'sensor_id': 'noise_level_1', 'decibel': 57.21, 'timestamp': '2025-05-18T23:48:54.075645'}
2025-05-18 23:48:57,082 - 📥 Received data from noise_level_1: {'sensor_id': 'noise_level_1', 'decibel': 47.35, 'timestamp': '2025-05-18T23:48:57.080445'}
2025-05-18 23:48:57,082 - ✅ Aggregated data (noise_level): {'sensor_id': 'noise_level_1', 'decibel': 63.06, 'timestamp': '2025-05-18T23:48:57.082842', 'data_points': 10}
2025-05-18 23:48:57,084 - 📤 Sent aggregated data to central server
2025-05-18 23:49:00,087 - 📥 Received data from noise_level_1: {'sensor_id': 'noise_level_1', 'decibel': 86.61, 'timestamp': '2025-05-18T23:49:00.087273'}
2025-05-18 23:49:03,093 - 📥 Received data from noise_level_1: {'sensor_id': 'noise_level_1', 'decibel': 32.31, 'timestamp': '2025-05-18T23:49:03.092396'}
2025-05-18 23:49:06,096 - 📥 Received data from noise_level_1: {'sensor_id': 'noise_level_1', 'decibel': 87.28, 'timestamp': '2025-05-18T23:49:06.096228'}
2025-05-18 23:49:09,097 - 📥 Received data from noise_level_1: {'sensor_id': 'noise_level_1', 'decibel': 89.02, 'timestamp': '2025-05-18T23:49:09.096772'}
2025-05-18 23:49:12,103 - 📥 Received data from noise_level_1: {'sensor_id': 'noise_level_1', 'decibel': 59.45, 'timestamp': '2025-05-18T23:49:12.102392'}
2025-05-18 23:49:15,108 - 📥 Received data from noise_level_1: {'sensor_id': 'noise_level_1', 'decibel': 31.81, 'timestamp': '2025-05-18T23:49:15.108229'}
2025-05-18 23:49:18,111 - 📥 Received data from noise_level_1: {'sensor_id': 'noise_level_1', 'decibel': 47.91, 'timestamp': '2025-05-18T23:49:18.110850'}
2025-05-18 23:49:21,113 - 📥 Received data from noise_level_1: {'sensor_id': 'noise_level_1', 'decibel': 56.63, 'timestamp': '2025-05-18T23:49:21.112997'}
2025-05-18 23:49:24,118 - 📥 Received data from noise_level_1: {'sensor_id': 'noise_level_1', 'decibel': 97.55, 'timestamp': '2025-05-18T23:49:24.118244'}
2025-05-18 23:49:27,120 - 📥 Received data from noise_level_1: {'sensor_id': 'noise_level_1', 'decibel': 64.32, 'timestamp': '2025-05-18T23:49:27.120046'}
2025-05-18 23:49:27,120 - ✅ Aggregated data (noise_level): {'sensor_id': 'noise_level_1', 'decibel': 65.29, 'timestamp': '2025-05-18T23:49:27.120735', 'data_points': 10}
2025-05-18 23:49:27,121 - 📤 Sent aggregated data to central server
2025-05-18 23:49:30,125 - 📥 Received data from noise_level_1: {'sensor_id': 'noise_level_1', 'decibel': 43.37, 'timestamp': '2025-05-18T23:49:30.125566'}
2025-05-18 23:49:33,130 - 📥 Received data from noise_level_1: {'sensor_id': 'noise_level_1', 'decibel': 37.6, 'timestamp': '2025-05-18T23:49:33.128663'}
2025-05-18 23:49:36,135 - 📥 Received data from noise_level_1: {'sensor_id': 'noise_level_1', 'decibel': 42.82, 'timestamp': '2025-05-18T23:49:36.134792'}
2025-05-18 23:49:39,138 - 📥 Received data from noise_level_1: {'sensor_id': 'noise_level_1', 'decibel': 31.13, 'timestamp': '2025-05-18T23:49:39.138201'}
2025-05-18 23:49:42,139 - 📥 Received data from noise_level_1: {'sensor_id': 'noise_level_1', 'decibel': 89.32, 'timestamp': '2025-05-18T23:49:42.139060'}
2025-05-18 23:49:45,141 - 📥 Received data from noise_level_1: {'sensor_id': 'noise_level_1', 'decibel': 47.29, 'timestamp': '2025-05-18T23:49:45.141495'}
2025-05-18 23:49:48,147 - 📥 Received data from noise_level_1: {'sensor_id': 'noise_level_1', 'decibel': 79.45, 'timestamp': '2025-05-18T23:49:48.146858'}
2025-05-18 23:49:51,151 - 📥 Received data from noise_level_1: {'sensor_id': 'noise_level_1', 'decibel': 73.62, 'timestamp': '2025-05-18T23:49:51.151077'}
2025-05-18 23:49:54,155 - 📥 Received data from noise_level_1: {'sensor_id': 'noise_level_1', 'decibel': 98.35, 'timestamp': '2025-05-18T23:49:54.155803'}
2025-05-18 23:49:57,157 - 📥 Received data from noise_level_1: {'sensor_id': 'noise_level_1', 'decibel': 72.46, 'timestamp': '2025-05-18T23:49:57.156250'}
2025-05-18 23:49:57,157 - ✅ Aggregated data (noise_level): {'sensor_id': 'noise_level_1', 'decibel': 61.54, 'timestamp': '2025-05-18T23:49:57.157629', 'data_points': 10}
2025-05-18 23:49:57,159 - 📤 Sent aggregated data to central server
2025-05-18 23:50:00,163 - 📥 Received data from noise_level_1: {'sensor_id': 'noise_level_1', 'decibel': 83.36, 'timestamp': '2025-05-18T23:50:00.162492'}
2025-05-18 23:50:03,168 - 📥 Received data from noise_level_1: {'sensor_id': 'noise_level_1', 'decibel': 59.87, 'timestamp': '2025-05-18T23:50:03.168313'}
2025-05-18 23:50:06,173 - 📥 Received data from noise_level_1: {'sensor_id': 'noise_level_1', 'decibel': 48.87, 'timestamp': '2025-05-18T23:50:06.173514'}
2025-05-18 23:50:09,178 - 📥 Received data from noise_level_1: {'sensor_id': 'noise_level_1', 'decibel': 93.19, 'timestamp': '2025-05-18T23:50:09.177727'}
2025-05-18 23:50:12,183 - 📥 Received data from noise_level_1: {'sensor_id': 'noise_level_1', 'decibel': 68.52, 'timestamp': '2025-05-18T23:50:12.183124'}
2025-05-18 23:50:15,189 - 📥 Received data from noise_level_1: {'sensor_id': 'noise_level_1', 'decibel': 66.14, 'timestamp': '2025-05-18T23:50:15.188490'}
2025-05-18 23:50:18,191 - 📥 Received data from noise_level_1: {'sensor_id': 'noise_level_1', 'decibel': 48.47, 'timestamp': '2025-05-18T23:50:18.191457'}
2025-05-18 23:50:21,196 - 📥 Received data from noise_level_1: {'sensor_id': 'noise_level_1', 'decibel': 86.58, 'timestamp': '2025-05-18T23:50:21.196793'}
2025-05-18 23:50:24,202 - 📥 Received data from noise_level_1: {'sensor_id': 'noise_level_1', 'decibel': 76.37, 'timestamp': '2025-05-18T23:50:24.202018'}
2025-05-18 23:50:27,204 - 📥 Received data from noise_level_1: {'sensor_id': 'noise_level_1', 'decibel': 38.77, 'timestamp': '2025-05-18T23:50:27.204467'}
2025-05-18 23:50:27,204 - ✅ Aggregated data (noise_level): {'sensor_id': 'noise_level_1', 'decibel': 67.01, 'timestamp': '2025-05-18T23:50:27.204759', 'data_points': 10}
2025-05-18 23:50:27,205 - 📤 Sent aggregated data to central server
2025-05-18 23:50:30,206 - 📥 Received data from noise_level_1: {'sensor_id': 'noise_level_1', 'decibel': 49.52, 'timestamp': '2025-05-18T23:50:30.206034'}
2025-05-18 23:50:33,212 - 📥 Received data from noise_level_1: {'sensor_id': 'noise_level_1', 'decibel': 52.03, 'timestamp': '2025-05-18T23:50:33.211910'}
2025-05-18 23:50:36,217 - 📥 Received data from noise_level_1: {'sensor_id': 'noise_level_1', 'decibel': 89.01, 'timestamp': '2025-05-18T23:50:36.217669'}
2025-05-18 23:50:39,221 - 📥 Received data from noise_level_1: {'sensor_id': 'noise_level_1', 'decibel': 63.35, 'timestamp': '2025-05-18T23:50:39.221549'}
2025-05-18 23:50:42,227 - 📥 Received data from noise_level_1: {'sensor_id': 'noise_level_1', 'decibel': 84.65, 'timestamp': '2025-05-18T23:50:42.227054'}
2025-05-18 23:50:45,232 - 📥 Received data from noise_level_1: {'sensor_id': 'noise_level_1', 'decibel': 94.34, 'timestamp': '2025-05-18T23:50:45.232488'}
2025-05-18 23:50:48,238 - 📥 Received data from noise_level_1: {'sensor_id': 'noise_level_1', 'decibel': 67.82, 'timestamp': '2025-05-18T23:50:48.237723'}
2025-05-18 23:50:51,241 - 📥 Received data from noise_level_1: {'sensor_id': 'noise_level_1', 'decibel': 56.62, 'timestamp': '2025-05-18T23:50:51.241597'}
2025-05-18 23:50:54,246 - 📥 Received data from noise_level_1: {'sensor_id': 'noise_level_1', 'decibel': 32.0, 'timestamp': '2025-05-18T23:50:54.246222'}
2025-05-18 23:50:57,249 - 📥 Received data from noise_level_1: {'sensor_id': 'noise_level_1', 'decibel': 40.68, 'timestamp': '2025-05-18T23:50:57.248579'}
2025-05-18 23:50:57,249 - ✅ Aggregated data (noise_level): {'sensor_id': 'noise_level_1', 'decibel': 63.0, 'timestamp': '2025-05-18T23:50:57.249587', 'data_points': 10}
2025-05-18 23:50:57,250 - 📤 Sent aggregated data to central server
2025-05-18 23:51:00,254 - 📥 Received data from noise_level_1: {'sensor_id': 'noise_level_1', 'decibel': 73.19, 'timestamp': '2025-05-18T23:51:00.254303'}
2025-05-18 23:51:03,259 - 📥 Received data from noise_level_1: {'sensor_id': 'noise_level_1', 'decibel': 82.6, 'timestamp': '2025-05-18T23:51:03.259100'}
2025-05-18 23:51:06,264 - 📥 Received data from noise_level_1: {'sensor_id': 'noise_level_1', 'decibel': 73.67, 'timestamp': '2025-05-18T23:51:06.263720'}
2025-05-18 23:51:09,269 - 📥 Received data from noise_level_1: {'sensor_id': 'noise_level_1', 'decibel': 90.66, 'timestamp': '2025-05-18T23:51:09.269085'}
2025-05-18 23:51:12,275 - 📥 Received data from noise_level_1: {'sensor_id': 'noise_level_1', 'decibel': 45.63, 'timestamp': '2025-05-18T23:51:12.274810'}
2025-05-18 23:51:15,275 - 📥 Received data from noise_level_1: {'sensor_id': 'noise_level_1', 'decibel': 43.55, 'timestamp': '2025-05-18T23:51:15.275682'}
2025-05-18 23:51:18,281 - 📥 Received data from noise_level_1: {'sensor_id': 'noise_level_1', 'decibel': 85.99, 'timestamp': '2025-05-18T23:51:18.279914'}
2025-05-18 23:51:21,286 - 📥 Received data from noise_level_1: {'sensor_id': 'noise_level_1', 'decibel': 86.82, 'timestamp': '2025-05-18T23:51:21.286003'}
2025-05-18 23:51:24,289 - 📥 Received data from noise_level_1: {'sensor_id': 'noise_level_1', 'decibel': 54.52, 'timestamp': '2025-05-18T23:51:24.289219'}
2025-05-18 23:51:27,292 - 📥 Received data from noise_level_1: {'sensor_id': 'noise_level_1', 'decibel': 64.62, 'timestamp': '2025-05-18T23:51:27.291774'}
2025-05-18 23:51:27,292 - ✅ Aggregated data (noise_level): {'sensor_id': 'noise_level_1', 'decibel': 70.12, 'timestamp': '2025-05-18T23:51:27.292790', 'data_points': 10}
2025-05-18 23:51:27,293 - 📤 Sent aggregated data to central server
2025-05-18 23:51:30,297 - 📥 Received data from noise_level_1: {'sensor_id': 'noise_level_1', 'decibel': 78.87, 'timestamp': '2025-05-18T23:51:30.297503'}
2025-05-18 23:51:33,302 - 📥 Received data from noise_level_1: {'sensor_id': 'noise_level_1', 'decibel': 92.87, 'timestamp': '2025-05-18T23:51:33.301932'}
2025-05-18 23:51:36,304 - 📥 Received data from noise_level_1: {'sensor_id': 'noise_level_1', 'decibel': 78.56, 'timestamp': '2025-05-18T23:51:36.304169'}
2025-05-18 23:51:39,305 - 📥 Received data from noise_level_1: {'sensor_id': 'noise_level_1', 'decibel': 54.47, 'timestamp': '2025-05-18T23:51:39.305210'}
2025-05-18 23:51:42,309 - 📥 Received data from noise_level_1: {'sensor_id': 'noise_level_1', 'decibel': 98.56, 'timestamp': '2025-05-18T23:51:42.308485'}
2025-05-18 23:51:45,310 - 📥 Received data from noise_level_1: {'sensor_id': 'noise_level_1', 'decibel': 55.6, 'timestamp': '2025-05-18T23:51:45.310431'}
2025-05-18 23:51:48,311 - 📥 Received data from noise_level_1: {'sensor_id': 'noise_level_1', 'decibel': 45.68, 'timestamp': '2025-05-18T23:51:48.311547'}
2025-05-18 23:51:51,317 - 📥 Received data from noise_level_1: {'sensor_id': 'noise_level_1', 'decibel': 50.25, 'timestamp': '2025-05-18T23:51:51.316810'}
2025-05-18 23:51:54,322 - 📥 Received data from noise_level_1: {'sensor_id': 'noise_level_1', 'decibel': 60.49, 'timestamp': '2025-05-18T23:51:54.322112'}
2025-05-18 23:51:57,326 - 📥 Received data from noise_level_1: {'sensor_id': 'noise_level_1', 'decibel': 37.19, 'timestamp': '2025-05-18T23:51:57.326051'}
2025-05-18 23:51:57,326 - ✅ Aggregated data (noise_level): {'sensor_id': 'noise_level_1', 'decibel': 65.25, 'timestamp': '2025-05-18T23:51:57.326335', 'data_points': 10}
2025-05-18 23:51:57,326 - 📤 Sent aggregated data to central server
2025-05-18 23:52:00,332 - 📥 Received data from noise_level_1: {'sensor_id': 'noise_level_1', 'decibel': 86.36, 'timestamp': '2025-05-18T23:52:00.331333'}
2025-05-18 23:52:03,334 - 📥 Received data from noise_level_1: {'sensor_id': 'noise_level_1', 'decibel': 82.76, 'timestamp': '2025-05-18T23:52:03.333356'}
2025-05-18 23:52:06,341 - 📥 Received data from noise_level_1: {'sensor_id': 'noise_level_1', 'decibel': 98.39, 'timestamp': '2025-05-18T23:52:06.341495'}
2025-05-18 23:52:09,344 - 📥 Received data from noise_level_1: {'sensor_id': 'noise_level_1', 'decibel': 97.05, 'timestamp': '2025-05-18T23:52:09.343763'}
