2025-05-18 17:22:17,122 - Connected to drone at 127.0.0.1:5000
2025-05-18 17:22:17,122 - Data sent: {"sensor_id": "sensor1", "temperature": 8.14, "humidity": 81.19, "timestamp": "2025-05-18T17:22:17.122309"}
2025-05-18 17:22:19,127 - Data sent: {"sensor_id": "sensor1", "temperature": 53.55, "humidity": 72.41, "timestamp": "2025-05-18T17:22:19.127095"}
2025-05-18 17:22:21,132 - Data sent: {"sensor_id": "sensor1", "temperature": -12.68, "humidity": 10.23, "timestamp": "2025-05-18T17:22:21.132188"}
2025-05-18 17:22:23,135 - Data sent: {"sensor_id": "sensor1", "temperature": -18.28, "humidity": 29.89, "timestamp": "2025-05-18T17:22:23.135245"}
2025-05-18 17:22:25,140 - Data sent: {"sensor_id": "sensor1", "temperature": 11.22, "humidity": 9.79, "timestamp": "2025-05-18T17:22:25.140194"}
2025-05-18 17:22:27,140 - Data sent: {"sensor_id": "sensor1", "temperature": -1.08, "humidity": 57.74, "timestamp": "2025-05-18T17:22:27.140727"}
2025-05-18 17:24:56,853 - Connected to drone at 127.0.0.1:5000
2025-05-18 17:24:56,853 - Data sent: {"sensor_id": "sensor1", "temperature": -14.68, "humidity": 16.42, "timestamp": "2025-05-18T17:24:56.853411"}
2025-05-18 17:24:58,858 - Data sent: {"sensor_id": "sensor1", "temperature": 44.94, "humidity": 4.05, "timestamp": "2025-05-18T17:24:58.857836"}
2025-05-18 17:25:00,860 - Data sent: {"sensor_id": "sensor1", "temperature": 21.16, "humidity": 90.7, "timestamp": "2025-05-18T17:25:00.860162"}
2025-05-18 17:25:02,862 - Data sent: {"sensor_id": "sensor1", "temperature": 17.18, "humidity": 85.41, "timestamp": "2025-05-18T17:25:02.861860"}
2025-05-18 17:25:04,866 - Data sent: {"sensor_id": "sensor1", "temperature": 29.91, "humidity": 29.38, "timestamp": "2025-05-18T17:25:04.866045"}
2025-05-18 17:25:06,871 - Data sent: {"sensor_id": "sensor1", "temperature": -2.38, "humidity": 24.73, "timestamp": "2025-05-18T17:25:06.870948"}
2025-05-18 17:25:08,877 - Data sent: {"sensor_id": "sensor1", "temperature": 30.63, "humidity": 42.17, "timestamp": "2025-05-18T17:25:08.877147"}
2025-05-18 17:25:25,747 - Connected to drone at 127.0.0.1:5000
2025-05-18 17:25:25,747 - Data sent: {"sensor_id": "sensor1", "temperature": -38.17095124348293, "humidity": 107.60271624768248, "timestamp": "2025-05-18T17:25:25.747607"}
2025-05-18 17:25:27,749 - Data sent: {"sensor_id": "sensor1", "temperature": -31.257494564969438, "humidity": 142.99679926746572, "timestamp": "2025-05-18T17:25:27.749768"}
2025-05-18 17:25:29,752 - Data sent: {"sensor_id": "sensor1", "temperature": -31.655555025027784, "humidity": 147.67625276324765, "timestamp": "2025-05-18T17:25:29.752875"}
2025-05-18 17:25:31,759 - Data sent: {"sensor_id": "sensor1", "temperature": 65.22889146731741, "humidity": -3.430060690553981, "timestamp": "2025-05-18T17:25:31.758248"}
2025-05-18 17:25:33,765 - Data sent: {"sensor_id": "sensor1", "temperature": 63.03682063770778, "humidity": -0.8364147601279743, "timestamp": "2025-05-18T17:25:33.765279"}
2025-05-18 17:25:35,770 - Data sent: {"sensor_id": "sensor1", "temperature": 62.391749361944996, "humidity": 141.30953568381076, "timestamp": "2025-05-18T17:25:35.770179"}
2025-05-18 17:25:37,775 - Data sent: {"sensor_id": "sensor1", "temperature": 69.04913477439497, "humidity": 128.95283428809913, "timestamp": "2025-05-18T17:25:37.774666"}
2025-05-18 17:25:39,779 - Data sent: {"sensor_id": "sensor1", "temperature": 61.97935829094954, "humidity": 111.91471823055218, "timestamp": "2025-05-18T17:25:39.779562"}
2025-05-18 17:25:41,785 - Data sent: {"sensor_id": "sensor1", "temperature": 62.252157054943105, "humidity": -6.305568293400421, "timestamp": "2025-05-18T17:25:41.784930"}
2025-05-18 17:25:43,791 - Data sent: {"sensor_id": "sensor1", "temperature": -38.87999224177639, "humidity": -6.2268962725501815, "timestamp": "2025-05-18T17:25:43.790957"}
2025-05-18 17:25:45,795 - Data sent: {"sensor_id": "sensor1", "temperature": -36.797176011844996, "humidity": 134.2810852762542, "timestamp": "2025-05-18T17:25:45.795694"}
2025-05-18 17:25:47,801 - Data sent: {"sensor_id": "sensor1", "temperature": -32.646388980635834, "humidity": -6.671360614317699, "timestamp": "2025-05-18T17:25:47.801116"}
2025-05-18 17:25:49,806 - Data sent: {"sensor_id": "sensor1", "temperature": -30.84605220343673, "humidity": 147.97690062766034, "timestamp": "2025-05-18T17:25:49.806783"}
2025-05-18 17:25:51,811 - Data sent: {"sensor_id": "sensor1", "temperature": -30.88656629016308, "humidity": -3.2241415134206726, "timestamp": "2025-05-18T17:25:51.811304"}
2025-05-18 17:25:53,813 - Data sent: {"sensor_id": "sensor1", "temperature": 63.16380053090018, "humidity": 148.727396641072, "timestamp": "2025-05-18T17:25:53.813706"}
2025-05-18 17:26:08,759 - Connected to drone at 127.0.0.1:5000
2025-05-18 17:26:08,760 - Data sent: {"sensor_id": "sensor1", "temperature": 58.71, "humidity": 62.31, "timestamp": "2025-05-18T17:26:08.760056"}
2025-05-18 17:26:10,762 - Data sent: {"sensor_id": "sensor1", "temperature": 27.34, "humidity": 4.01, "timestamp": "2025-05-18T17:26:10.762318"}
2025-05-18 17:26:12,767 - Data sent: {"sensor_id": "sensor1", "temperature": -29.82, "humidity": 99.96, "timestamp": "2025-05-18T17:26:12.767264"}
2025-05-18 17:26:14,770 - Data sent: {"sensor_id": "sensor1", "temperature": 6.86, "humidity": 91.93, "timestamp": "2025-05-18T17:26:14.770204"}
2025-05-18 17:26:16,770 - Simulating random disconnect for sensor1
2025-05-18 17:26:26,777 - Connected to drone at 127.0.0.1:5000
2025-05-18 17:26:26,777 - Data sent: {"sensor_id": "sensor1", "temperature": -6.0, "humidity": 56.94, "timestamp": "2025-05-18T17:26:26.777643"}
2025-05-18 17:26:28,779 - Data sent: {"sensor_id": "sensor1", "temperature": 38.1, "humidity": 85.78, "timestamp": "2025-05-18T17:26:28.778708"}
2025-05-18 17:26:30,782 - Data sent: {"sensor_id": "sensor1", "temperature": 43.63, "humidity": 93.11, "timestamp": "2025-05-18T17:26:30.782369"}
2025-05-18 17:26:32,788 - Data sent: {"sensor_id": "sensor1", "temperature": 23.33, "humidity": 50.92, "timestamp": "2025-05-18T17:26:32.788358"}
2025-05-18 17:26:34,791 - Data sent: {"sensor_id": "sensor1", "temperature": 21.22, "humidity": 95.76, "timestamp": "2025-05-18T17:26:34.791520"}
2025-05-18 17:26:36,795 - Data sent: {"sensor_id": "sensor1", "temperature": 0.21, "humidity": 31.99, "timestamp": "2025-05-18T17:26:36.795305"}
2025-05-18 17:26:38,799 - Data sent: {"sensor_id": "sensor1", "temperature": 10.28, "humidity": 51.6, "timestamp": "2025-05-18T17:26:38.798790"}
2025-05-18 17:26:40,801 - Simulating random disconnect for sensor1
2025-05-18 17:26:50,807 - Connected to drone at 127.0.0.1:5000
2025-05-18 17:26:50,808 - Data sent: {"sensor_id": "sensor1", "temperature": 13.18, "humidity": 76.8, "timestamp": "2025-05-18T17:26:50.808240"}
2025-05-18 17:26:52,813 - Data sent: {"sensor_id": "sensor1", "temperature": 2.05, "humidity": 8.09, "timestamp": "2025-05-18T17:26:52.812945"}
2025-05-18 17:26:54,816 - Data sent: {"sensor_id": "sensor1", "temperature": 49.59, "humidity": 30.04, "timestamp": "2025-05-18T17:26:54.815688"}
2025-05-18 17:26:56,821 - Data sent: {"sensor_id": "sensor1", "temperature": 16.61, "humidity": 18.23, "timestamp": "2025-05-18T17:26:56.820448"}
2025-05-18 17:26:58,827 - Data sent: {"sensor_id": "sensor1", "temperature": -5.95, "humidity": 25.76, "timestamp": "2025-05-18T17:26:58.827486"}
2025-05-18 17:27:00,829 - Data sent: {"sensor_id": "sensor1", "temperature": -4.51, "humidity": 9.98, "timestamp": "2025-05-18T17:27:00.829088"}
2025-05-18 17:27:02,832 - Data sent: {"sensor_id": "sensor1", "temperature": 58.95, "humidity": 17.3, "timestamp": "2025-05-18T17:27:02.832369"}
2025-05-18 17:27:04,833 - Data sent: {"sensor_id": "sensor1", "temperature": -13.92, "humidity": 55.73, "timestamp": "2025-05-18T17:27:04.833600"}
2025-05-18 17:27:06,835 - Data sent: {"sensor_id": "sensor1", "temperature": 13.68, "humidity": 50.56, "timestamp": "2025-05-18T17:27:06.835290"}
2025-05-18 17:27:08,837 - Simulating random disconnect for sensor1
2025-05-18 17:27:18,843 - Connected to drone at 127.0.0.1:5000
2025-05-18 17:27:18,844 - Data sent: {"sensor_id": "sensor1", "temperature": 56.32, "humidity": 52.7, "timestamp": "2025-05-18T17:27:18.844142"}
2025-05-18 17:27:20,850 - Data sent: {"sensor_id": "sensor1", "temperature": 9.24, "humidity": 8.25, "timestamp": "2025-05-18T17:27:20.849903"}
2025-05-18 17:27:22,855 - Simulating random disconnect for sensor1
2025-05-18 17:27:32,856 - Connected to drone at 127.0.0.1:5000
2025-05-18 17:27:32,857 - Data sent: {"sensor_id": "sensor1", "temperature": -18.47, "humidity": 45.64, "timestamp": "2025-05-18T17:27:32.857409"}
2025-05-18 17:27:34,862 - Data sent: {"sensor_id": "sensor1", "temperature": -7.28, "humidity": 74.11, "timestamp": "2025-05-18T17:27:34.862006"}
2025-05-18 17:27:36,867 - Data sent: {"sensor_id": "sensor1", "temperature": 56.67, "humidity": 75.77, "timestamp": "2025-05-18T17:27:36.867504"}
